.\Debug\Tasm32.ilk
.\Debug\Tasm32.pdb
C:\Users\doug\Desktop\goodall.com\private\tasm-3.2\Src\.\Debug\Tasm32.exe
C:\Users\doug\Desktop\goodall.com\private\tasm-3.2\Src\.\Debug\Tasm32.exe.intermediate.manifest
C:\Users\doug\Desktop\goodall.com\private\tasm-3.2\Src\Debug\cl.command.1.tlog
C:\Users\doug\Desktop\goodall.com\private\tasm-3.2\Src\Debug\CL.read.1.tlog
C:\Users\doug\Desktop\goodall.com\private\tasm-3.2\Src\Debug\CL.write.1.tlog
C:\USERS\DOUG\DESKTOP\GOODALL.COM\PRIVATE\TASM-3.2\SRC\DEBUG\ERRLOG.OBJ
C:\USERS\DOUG\DESKTOP\GOODALL.COM\PRIVATE\TASM-3.2\SRC\DEBUG\FNAME.OBJ
C:\Users\doug\Desktop\goodall.com\private\tasm-3.2\Src\Debug\link.4428.read.1.tlog
C:\Users\doug\Desktop\goodall.com\private\tasm-3.2\Src\Debug\link.4428.write.1.tlog
C:\Users\doug\Desktop\goodall.com\private\tasm-3.2\Src\Debug\link.4428-cvtres.read.1.tlog
C:\Users\doug\Desktop\goodall.com\private\tasm-3.2\Src\Debug\link.4428-cvtres.write.1.tlog
C:\Users\doug\Desktop\goodall.com\private\tasm-3.2\Src\Debug\link.command.1.tlog
C:\Users\doug\Desktop\goodall.com\private\tasm-3.2\Src\Debug\link.read.1.tlog
C:\Users\doug\Desktop\goodall.com\private\tasm-3.2\Src\Debug\link.write.1.tlog
C:\Users\doug\Desktop\goodall.com\private\tasm-3.2\Src\Debug\link-cvtres.read.1.tlog
C:\Users\doug\Desktop\goodall.com\private\tasm-3.2\Src\Debug\link-cvtres.write.1.tlog
C:\USERS\DOUG\DESKTOP\GOODALL.COM\PRIVATE\TASM-3.2\SRC\DEBUG\LOOKUP.OBJ
C:\USERS\DOUG\DESKTOP\GOODALL.COM\PRIVATE\TASM-3.2\SRC\DEBUG\MACRO.OBJ
C:\Users\doug\Desktop\goodall.com\private\tasm-3.2\Src\Debug\mt.command.1.tlog
C:\Users\doug\Desktop\goodall.com\private\tasm-3.2\Src\Debug\mt.read.1.tlog
C:\Users\doug\Desktop\goodall.com\private\tasm-3.2\Src\Debug\mt.write.1.tlog
C:\USERS\DOUG\DESKTOP\GOODALL.COM\PRIVATE\TASM-3.2\SRC\DEBUG\PARSE.OBJ
C:\Users\doug\Desktop\goodall.com\private\tasm-3.2\Src\Debug\rc.command.1.tlog
C:\Users\doug\Desktop\goodall.com\private\tasm-3.2\Src\Debug\rc.read.1.tlog
C:\Users\doug\Desktop\goodall.com\private\tasm-3.2\Src\Debug\rc.write.1.tlog
C:\USERS\DOUG\DESKTOP\GOODALL.COM\PRIVATE\TASM-3.2\SRC\DEBUG\RULES.OBJ
C:\USERS\DOUG\DESKTOP\GOODALL.COM\PRIVATE\TASM-3.2\SRC\DEBUG\STR.OBJ
C:\USERS\DOUG\DESKTOP\GOODALL.COM\PRIVATE\TASM-3.2\SRC\DEBUG\TASM.OBJ
C:\USERS\DOUG\DESKTOP\GOODALL.COM\PRIVATE\TASM-3.2\SRC\DEBUG\TASM32.EXE
C:\USERS\DOUG\DESKTOP\GOODALL.COM\PRIVATE\TASM-3.2\SRC\DEBUG\TASM32.EXE.EMBED.MANIFEST
C:\USERS\DOUG\DESKTOP\GOODALL.COM\PRIVATE\TASM-3.2\SRC\DEBUG\TASM32.EXE.EMBED.MANIFEST.RES
C:\USERS\DOUG\DESKTOP\GOODALL.COM\PRIVATE\TASM-3.2\SRC\DEBUG\TASM32.EXE.INTERMEDIATE.MANIFEST
C:\USERS\DOUG\DESKTOP\GOODALL.COM\PRIVATE\TASM-3.2\SRC\DEBUG\TASM32.ILK
C:\USERS\DOUG\DESKTOP\GOODALL.COM\PRIVATE\TASM-3.2\SRC\DEBUG\TASM32.PDB
C:\Users\doug\Desktop\goodall.com\private\tasm-3.2\Src\Debug\Tasm32_manifest.rc
C:\USERS\DOUG\DESKTOP\GOODALL.COM\PRIVATE\TASM-3.2\SRC\DEBUG\TASMMAIN.OBJ
C:\Users\doug\Desktop\goodall.com\private\tasm-3.2\Src\Debug\vc100.idb
C:\USERS\DOUG\DESKTOP\GOODALL.COM\PRIVATE\TASM-3.2\SRC\DEBUG\VC100.PDB
C:\USERS\DOUG\DESKTOP\GOODALL.COM\PRIVATE\TASM-3.2\SRC\DEBUG\WRTOBJ.OBJ
